[OpenProfile] stage=juce_init_done elapsed_ms=25.375
[EditorHost] starting
[EditorHost] JUCE: JUCE v8.0.6
[EditorHost] IPC mode — waiting for INIT message
[EditorHost] entering message loop
[EditorHost] [EditorHost IPC] Message from coordinator (1821 bytes): INIT
C:\Program Files\Common Files\VST3\XLETH\TAL-Reverb-4.vst3\Contents\x86_64-
[EditorHost] init received plugin=C:\Program Files\Common Files\VST3\XLETH\TAL-Reverb-4.vst3\Contents\x86_64-win\TAL-Reverb-4.vst3 stateLen=1712 parent=0x500A66
[EditorHost] creating plugin format manager
[EditorHost] format manager has 1 format(s)
[EditorHost]   format: VST3
[EditorHost] found 1 plugin(s) — using first
[EditorHost] loading plugin
[OpenProfile] stage=before_create_instance elapsed_ms=39.337
[OpenProfile] stage=after_create_instance elapsed_ms=51.716
[EditorHost] plugin loaded name=TAL Reverb 4 Plugin latency=0
[EditorHost] applying saved state (1712 chars base64)
[EditorHost] state applied (1282 bytes)
[EditorHost] [ParamSync] ParamSyncListener attached (21 params)
[EditorHost] creating editor
[OpenProfile] stage=before_create_editor elapsed_ms=51.834
[OpenProfile] stage=after_create_editor elapsed_ms=455.212
[EditorHost] editor created size=611x603
[EditorHost] showing window
[EditorHost] parented to 0x500A66
[OpenProfile] stage=after_reparent elapsed_ms=635.919
[EditorHost] entering message loop
[OpenProfile] stage=before_redy elapsed_ms=635.929
[EditorHost] [EditorHost IPC] Sending REDY 611x603 (12 bytes)
[EditorHost] [EditorHost IPC] Message from coordinator (38 bytes): STRM
Xleth_AudioStream_T1_N4
48000
480
[EditorHost] [AudioStream] STRM received name=Xleth_AudioStream_T1_N4 sr=48000 bs=480
[EditorHost] [AudioStream] opened ring name=Xleth_AudioStream_T1_N4 sr=48000 bs=480
[EditorHost] [AudioStream] setBusesLayout(stereo/stereo) returned false — continuing with plugin's existing layout
[EditorHost] [AudioStream] prepareToPlay called sr=48000 bs=480
[EditorHost] [AudioStream] pump thread started
[EditorHost] window closed
[EditorHost] [AudioStream] stopping pump thread before window close
[EditorHost] [AudioStream] releaseResources called before close
[EditorHost] [EditorHost IPC] Sending CLSD (4 bytes)
[EditorHost] shutting down
[EditorHost] [ParamSync] ParamSyncListener detached
[EditorHost] [EditorHost IPC] Message from coordinator (8 bytes): 
[EditorHost] unknown message tag: 
[EditorHost] coordinator connection lost — quitting
[EditorHost] exit
